> 
> load "qc.m";
Loading "qc.m"
Loading "coleman.m"
Loading "auxpolys.m"
Loading "coho.m"
Loading "froblift.m"
Loading "reductions.m"
Loading "singleintegrals.m"
Loading "misc.m"
Loading "applications.m"
Loading "symplectic_basis.m"
Loading "hecke_correspondence.m"
Loading "hodge.m"
Loading "frobenius.m"
Loading "heights.m"
Loading "qc_init_g2.m"
Loading "/Users/sachihashimoto/repos/QCMod/mws_qc.m"
Time: 4.080
 Computing a symplectic basis of H^1
 Computed Coleman data at p=53 to precision 20.

 Good affine rational points: [
[ -3, 1 ],
[ -3, -1 ],
[ -5, 21 ],
[ -5, -21 ],
[ 1, 3 ],
[ 1, -3 ],
[ 0, 1 ],
[ 0, -1 ],
[ -2, 3 ],
[ -2, -3 ]
]

 Bad affine rational points: []

 Using the base point [ -3, 1 ].

 Computing correspondences
Hecke operator at 53 acting on H^1:
[   3   -6    0  7/5]
[  -2    1 -7/5    0]
[   0    0    3   -2]
[   0    0   -6    1]

 Nice correspondences:
[
[    0  28/5    -4    24]
[-28/5     0     8     4]
[    4    -8     0     0]
[  -24    -4     0     0]
]


 equivariant splitting:
[1 0]
[0 1]
[4442696840794831232967587866375/2631190927891015145755571295185776777789125987416487454034359 -1887727762183934654266648085129/2631190927891015145755571295185776777789125987416487454034359]
[-1887727762183934654266648085129/2631190927891015145755571295185776777789125987416487454034359 1394357358604442187812763764408/2631190927891015145755571295185776777789125987416487454034359]
 Computing Hodge filtration for correspondence 1.
 eta =  (0).
 beta_fil  =  (0 0).
 gamma_fil =  (-8*x - 24         0).

 Computing Frobenius structure for correspondence 1.
 Using point [ -3, -1 ] at correspondence 1 to generate.
 Using point [ -5, 21 ] to fit the height pairing.
with height -1/3
this is point index  2
 Using point [ 1, 3 ] to fit the height pairing.
with height 8/3
this is point index  4
 The quadratic Chabauty function for correspondence 1 is correct to precision 53^15.
 All roots of the quadratic Chabauty function(s) are correct to precision at least 53^14.
 Solution [ 333929306575214726114060*53 + O(53^15), -973735465407071521981766081 + O(53^16) ] does not seem to be rational.
 Solution [ -337803456981156997656380*53 + O(53^15), 112253626376488994829184124 + O(53^16) ] does not seem to be rational.
 Solution [ 326753749755135568917488*53 + O(53^15), -659422656891150373327922316 + O(53^16) ] does not seem to be rational.
 Solution [ 598921919761308318585280*53 + O(53^15), 1182266788084436636296182268 + O(53^16) ] does not seem to be rational.
 Solution [ -647957383770287873834205*53 + O(53^15), -1923859218266837145105151187 + O(53^16) ] does not seem to be rational.
 Recovered known rational point [ 0, -1 ]
 Solution [ 515370688905640837745106*53 + O(53^15), 1236079124747970264944822949 + O(53^16) ] does not seem to be rational.
 Solution [ -228914593355544602599040*53 + O(53^15), -1164098219225970165201645667 + O(53^16) ] does not seem to be rational.
 Solution [ 333929306575214726114060*53 + O(53^15), 973735465407071521981766081 + O(53^16) ] does not seem to be rational.
 Solution [ -337803456981156997656380*53 + O(53^15), -112253626376488994829184124 + O(53^16) ] does not seem to be rational.
 Solution [ 326753749755135568917488*53 + O(53^15), 659422656891150373327922316 + O(53^16) ] does not seem to be rational.
 Solution [ 598921919761308318585280*53 + O(53^15), -1182266788084436636296182268 + O(53^16) ] does not seem to be rational.
 Solution [ -647957383770287873834205*53 + O(53^15), 1923859218266837145105151187 + O(53^16) ] does not seem to be rational.
 Recovered known rational point [ 0, 1 ]
 Solution [ 515370688905640837745106*53 + O(53^15), -1236079124747970264944822949 + O(53^16) ] does not seem to be rational.
 Solution [ -228914593355544602599040*53 + O(53^15), 1164098219225970165201645667 + O(53^16) ] does not seem to be rational.
 Solution [ -7309583193967391470427872 + O(53^15), -26641924809993652839938950 + O(53^15) ] does not seem to be rational.
 Solution [ 32639227708020374916595025 + O(53^15), -9054455580713141861066242 + O(53^15) ] does not seem to be rational.
 Solution [ 6836774323184993561046316 + O(53^15), 12074928147664666860137267 + O(53^15) ] does not seem to be rational.
 Solution [ -11667784202369314606697471 + O(53^15), -16995165529120404338000242 + O(53^15) ] does not seem to be rational.
 Solution [ -21838065574963686014734233 + O(53^15), -34415022386269257721141244 + O(53^15) ] does not seem to be rational.
 Solution [ 12967007660167913860283577 + O(53^15), -16677161967518985059026721 + O(53^15) ] does not seem to be rational.
 Solution [ 27865961593258383804339092 + O(53^15), -8913289287678576273697716 + O(53^15) ] does not seem to be rational.
 Solution [ 1772988914989836039821122 + O(53^15), 25256440570255057337331890 + O(53^15) ] does not seem to be rational.
 Solution [ -7309583193967391470427872 + O(53^15), 26641924809993652839938950 + O(53^15) ] does not seem to be rational.
 Solution [ 32639227708020374916595025 + O(53^15), 9054455580713141861066242 + O(53^15) ] does not seem to be rational.
 Solution [ 6836774323184993561046316 + O(53^15), -12074928147664666860137267 + O(53^15) ] does not seem to be rational.
 Solution [ -11667784202369314606697471 + O(53^15), 16995165529120404338000242 + O(53^15) ] does not seem to be rational.
 Solution [ -21838065574963686014734233 + O(53^15), 34415022386269257721141244 + O(53^15) ] does not seem to be rational.
 Solution [ 12967007660167913860283577 + O(53^15), 16677161967518985059026721 + O(53^15) ] does not seem to be rational.
 Solution [ 27865961593258383804339092 + O(53^15), 8913289287678576273697716 + O(53^15) ] does not seem to be rational.
 Solution [ 1772988914989836039821122 + O(53^15), -25256440570255057337331890 + O(53^15) ] does not seem to be rational.
 Solution [ -3392146698687807632854844 + O(53^15), 5076508698982124471135220 + O(53^15) ] does not seem to be rational.
 Solution [ -7533636665125242757752945 + O(53^15), 12064163330256651203929101 + O(53^15) ] does not seem to be rational.
 Solution [ 32492191649150094770705063 + O(53^15), -13686908286577980739404782 + O(53^15) ] does not seem to be rational.
 Solution [ -36068620341490881942896717 + O(53^15), -9680821659096184457487179 + O(53^15) ] does not seem to be rational.
 Solution [ 10241270218046087237580799 + O(53^15), 386837054902868550189238 + O(53^15) ] does not seem to be rational.
 Solution [ -6818382046704052911598089 + O(53^15), -34190152373963837809616592 + O(53^15) ] does not seem to be rational.
 Solution [ -3392146698687807632854844 + O(53^15), -5076508698982124471135220 + O(53^15) ] does not seem to be rational.
 Solution [ -7533636665125242757752945 + O(53^15), -12064163330256651203929101 + O(53^15) ] does not seem to be rational.
 Solution [ 32492191649150094770705063 + O(53^15), 13686908286577980739404782 + O(53^15) ] does not seem to be rational.
 Solution [ -36068620341490881942896717 + O(53^15), 9680821659096184457487179 + O(53^15) ] does not seem to be rational.
 Solution [ 10241270218046087237580799 + O(53^15), -386837054902868550189238 + O(53^15) ] does not seem to be rational.
 Solution [ -6818382046704052911598089 + O(53^15), 34190152373963837809616592 + O(53^15) ] does not seem to be rational.
 Solution [ -9903653408222466860627617 + O(53^15), 4185863951539092735940145 + O(53^15) ] does not seem to be rational.
 Solution [ -10719395581310246139301761 + O(53^15), -29520671060342410860059085 + O(53^15) ] does not seem to be rational.
 Solution [ 27074188344575001434785083 + O(53^15), 18150455966389505918287564 + O(53^15) ] does not seem to be rational.
 Solution [ 6392266131577917827297093 + O(53^15), 14206057453296950772382394 + O(53^15) ] does not seem to be rational.
 Solution [ -2325052704492381246538385 + O(53^15), -6956975338556358333474940 + O(53^15) ] does not seem to be rational.
 Solution [ 655844894830755724447807 + O(53^15), -20245216955852110674017553 + O(53^15) ] does not seem to be rational.
 Solution [ 35333252232338860743545668 + O(53^15), -28290965328790987430406437 + O(53^15) ] does not seem to be rational.
 Solution [ 24915272489902391884818087 + O(53^15), 25010163130066687838200467 + O(53^15) ] does not seem to be rational.
 Solution [ -2947434114468261066740521 + O(53^15), -1844029492942190881830069 + O(53^15) ] does not seem to be rational.
 Solution [ 18598250629713267075760864 + O(53^15), 26230309293673022663968075 + O(53^15) ] does not seem to be rational.
 Solution [ -9903653408222466860627617 + O(53^15), -4185863951539092735940145 + O(53^15) ] does not seem to be rational.
 Solution [ -10719395581310246139301761 + O(53^15), 29520671060342410860059085 + O(53^15) ] does not seem to be rational.
 Solution [ 27074188344575001434785083 + O(53^15), -18150455966389505918287564 + O(53^15) ] does not seem to be rational.
 Solution [ 6392266131577917827297093 + O(53^15), -14206057453296950772382394 + O(53^15) ] does not seem to be rational.
 Solution [ -2325052704492381246538385 + O(53^15), 6956975338556358333474940 + O(53^15) ] does not seem to be rational.
 Solution [ 655844894830755724447807 + O(53^15), 20245216955852110674017553 + O(53^15) ] does not seem to be rational.
 Solution [ 35333252232338860743545668 + O(53^15), 28290965328790987430406437 + O(53^15) ] does not seem to be rational.
 Solution [ 24915272489902391884818087 + O(53^15), -25010163130066687838200467 + O(53^15) ] does not seem to be rational.
 Solution [ -2947434114468261066740521 + O(53^15), 1844029492942190881830069 + O(53^15) ] does not seem to be rational.
 Solution [ 18598250629713267075760864 + O(53^15), -26230309293673022663968075 + O(53^15) ] does not seem to be rational.
 Solution [ -13958805928505539511261951 + O(53^15), 32215070859907816404072242 + O(53^15) ] does not seem to be rational.
 Solution [ 23428026848615001519328382 + O(53^15), -5816942941430103034947857 + O(53^15) ] does not seem to be rational.
 Solution [ -35726172935297942269972884 + O(53^15), 7967140061114151052381845 + O(53^15) ] does not seem to be rational.
 Solution [ 21212661703505056588091960 + O(53^15), 12738209313898327026174497 + O(53^15) ] does not seem to be rational.
 Solution [ -20637091282635262419863786 + O(53^15), 18640027354628867624859131 + O(53^15) ] does not seem to be rational.
 Solution [ 22406818542168093614626297 + O(53^15), -3906717658275242172018817 + O(53^15) ] does not seem to be rational.
 Solution [ -13958805928505539511261951 + O(53^15), -32215070859907816404072242 + O(53^15) ] does not seem to be rational.
 Solution [ 23428026848615001519328382 + O(53^15), 5816942941430103034947857 + O(53^15) ] does not seem to be rational.
 Solution [ -35726172935297942269972884 + O(53^15), -7967140061114151052381845 + O(53^15) ] does not seem to be rational.
 Solution [ 21212661703505056588091960 + O(53^15), -12738209313898327026174497 + O(53^15) ] does not seem to be rational.
 Solution [ -20637091282635262419863786 + O(53^15), -18640027354628867624859131 + O(53^15) ] does not seem to be rational.
 Solution [ 22406818542168093614626297 + O(53^15), 3906717658275242172018817 + O(53^15) ] does not seem to be rational.
 Solution [ -24457930567366188266492941 + O(53^15), 11389462173626806141093791 + O(53^15) ] does not seem to be rational.
 Solution [ -14472661419074370837643992 + O(53^15), -17398093263180413130751562 + O(53^15) ] does not seem to be rational.
 Solution [ 19045697053876920960811022 + O(53^15), -18055427616606478009143371 + O(53^15) ] does not seem to be rational.
 Solution [ 7557572673788303451360229 + O(53^15), -2586389227362343403355298 + O(53^15) ] does not seem to be rational.
 Solution [ -9631413482332540535193403 + O(53^15), 33164936951004119598619566 + O(53^15) ] does not seem to be rational.
 Solution [ -8156136740673537893235395 + O(53^15), 18795633717423940763904842 + O(53^15) ] does not seem to be rational.
 Solution [ 28899303988268974882298407 + O(53^15), -18177021966381841436283052 + O(53^15) ] does not seem to be rational.
 Solution [ -16013246791175470401972006 + O(53^15), -10754057228481095456748059 + O(53^15) ] does not seem to be rational.
 Solution [ -24457930567366188266492941 + O(53^15), -11389462173626806141093791 + O(53^15) ] does not seem to be rational.
 Solution [ -14472661419074370837643992 + O(53^15), 17398093263180413130751562 + O(53^15) ] does not seem to be rational.
 Solution [ 19045697053876920960811022 + O(53^15), 18055427616606478009143371 + O(53^15) ] does not seem to be rational.
 Solution [ 7557572673788303451360229 + O(53^15), 2586389227362343403355298 + O(53^15) ] does not seem to be rational.
 Solution [ -9631413482332540535193403 + O(53^15), -33164936951004119598619566 + O(53^15) ] does not seem to be rational.
 Solution [ -8156136740673537893235395 + O(53^15), -18795633717423940763904842 + O(53^15) ] does not seem to be rational.
 Solution [ 28899303988268974882298407 + O(53^15), 18177021966381841436283052 + O(53^15) ] does not seem to be rational.
 Solution [ -16013246791175470401972006 + O(53^15), 10754057228481095456748059 + O(53^15) ] does not seem to be rational.
 Solution [ -22018014852623421754661053 + O(53^15), 21080529984431049648781647 + O(53^15) ] does not seem to be rational.
 Solution [ 25506643021572017093510759 + O(53^15), -31429105469715144648368310 + O(53^15) ] does not seem to be rational.
 Solution [ -22018014852623421754661053 + O(53^15), -21080529984431049648781647 + O(53^15) ] does not seem to be rational.
 Solution [ 25506643021572017093510759 + O(53^15), 31429105469715144648368310 + O(53^15) ] does not seem to be rational.
 Solution [ 2101625653444118481857937 + O(53^15), 30293377867700751030585682 + O(53^15) ] does not seem to be rational.
 Solution [ -30303258778912208387822411 + O(53^15), 19353943601007747834744699 + O(53^15) ] does not seem to be rational.
 Solution [ -8362774832011898826817395 + O(53^15), 23211728180004061004584447 + O(53^15) ] does not seem to be rational.
 Solution [ -34000088127408161402286741 + O(53^15), -4646977353681724565084739 + O(53^15) ] does not seem to be rational.
 Solution [ 32407179524501520702422301 + O(53^15), -1781866123158714473110524 + O(53^15) ] does not seem to be rational.
 Solution [ 8138688125890171735544553 + O(53^15), -3514373982408765103565626 + O(53^15) ] does not seem to be rational.
 Solution [ -21017998148514283303799379 + O(53^15), 9841726397936383137992921 + O(53^15) ] does not seem to be rational.
 Solution [ 4722041427371880471411309 + O(53^15), 31889241350957104644578479 + O(53^15) ] does not seem to be rational.
 Solution [ 2101625653444118481857937 + O(53^15), -30293377867700751030585682 + O(53^15) ] does not seem to be rational.
 Solution [ -30303258778912208387822411 + O(53^15), -19353943601007747834744699 + O(53^15) ] does not seem to be rational.
 Solution [ -8362774832011898826817395 + O(53^15), -23211728180004061004584447 + O(53^15) ] does not seem to be rational.
 Solution [ -34000088127408161402286741 + O(53^15), 4646977353681724565084739 + O(53^15) ] does not seem to be rational.
 Solution [ 32407179524501520702422301 + O(53^15), 1781866123158714473110524 + O(53^15) ] does not seem to be rational.
 Solution [ 8138688125890171735544553 + O(53^15), 3514373982408765103565626 + O(53^15) ] does not seem to be rational.
 Solution [ -21017998148514283303799379 + O(53^15), -9841726397936383137992921 + O(53^15) ] does not seem to be rational.
 Solution [ 4722041427371880471411309 + O(53^15), -31889241350957104644578479 + O(53^15) ] does not seem to be rational.
 Solution [ -10668355905847851816892573 + O(53^15), -34986538187182989204918350 + O(53^15) ] does not seem to be rational.
 Solution [ -13991709703703347665309477 + O(53^15), 21623889326746943286353233 + O(53^15) ] does not seem to be rational.
 Solution [ -10668355905847851816892573 + O(53^15), 34986538187182989204918350 + O(53^15) ] does not seem to be rational.
 Solution [ -13991709703703347665309477 + O(53^15), -21623889326746943286353233 + O(53^15) ] does not seem to be rational.
 Solution [ 33438302976962759904238385 + O(53^15), -33218663388818736922071744 + O(53^15) ] does not seem to be rational.
 Solution [ -34334621510825322011287114 + O(53^15), 18091481851570030231615600 + O(53^15) ] does not seem to be rational.
 Solution [ 1560837849235120730581237 + O(53^15), -1483001146498557703711847 + O(53^15) ] does not seem to be rational.
 Solution [ -16470547126266746096224929 + O(53^15), -19370144823682080824375781 + O(53^15) ] does not seem to be rational.
 Solution [ 33438302976962759904238385 + O(53^15), 33218663388818736922071744 + O(53^15) ] does not seem to be rational.
 Solution [ -34334621510825322011287114 + O(53^15), -18091481851570030231615600 + O(53^15) ] does not seem to be rational.
 Solution [ 1560837849235120730581237 + O(53^15), 1483001146498557703711847 + O(53^15) ] does not seem to be rational.
 Solution [ -16470547126266746096224929 + O(53^15), 19370144823682080824375781 + O(53^15) ] does not seem to be rational.
 Solution [ -12873371802665546632882330 + O(53^15), -13478588816356837635237107 + O(53^15) ] does not seem to be rational.
 Solution [ -32974149768128771347156202 + O(53^15), -27523716677326137418838303 + O(53^15) ] does not seem to be rational.
 Solution [ -2445572926548138778987734 + O(53^15), -20650023826842931216773794 + O(53^15) ] does not seem to be rational.
 Solution [ 248114407309504178801815 + O(53^15), -11438017042434026873042253 + O(53^15) ] does not seem to be rational.
 Solution [ -12873371802665546632882330 + O(53^15), 13478588816356837635237107 + O(53^15) ] does not seem to be rational.
 Solution [ -32974149768128771347156202 + O(53^15), 27523716677326137418838303 + O(53^15) ] does not seem to be rational.
 Solution [ -2445572926548138778987734 + O(53^15), 20650023826842931216773794 + O(53^15) ] does not seem to be rational.
 Solution [ 248114407309504178801815 + O(53^15), 11438017042434026873042253 + O(53^15) ] does not seem to be rational.
 Solution [ 68634490844574890131199 + O(53^15), -18829943076149259338471062 + O(53^15) ] does not seem to be rational.
 Solution [ 22112349749503132978831969 + O(53^15), 27609554458838924363595223 + O(53^15) ] does not seem to be rational.
 Solution [ -28525060008285757421201036 + O(53^15), 13542209894591400854595550 + O(53^15) ] does not seem to be rational.
 Solution [ 831643563159890567226710 + O(53^15), -9843666547380376783025385 + O(53^15) ] does not seem to be rational.
 Solution [ 15153965699322699088114527 + O(53^15), -602319850739462606416033 + O(53^15) ] does not seem to be rational.
 Solution [ -17579322997340691718372210 + O(53^15), -31700731122468397497749769 + O(53^15) ] does not seem to be rational.
 Solution [ 3345723921315736946299616 + O(53^15), 15906297044216849079438832 + O(53^15) ] does not seem to be rational.
 Solution [ -33632027294949422238169376 + O(53^15), 23408648694086709574910684 + O(53^15) ] does not seem to be rational.
 Solution [ 68634490844574890131199 + O(53^15), 18829943076149259338471062 + O(53^15) ] does not seem to be rational.
 Solution [ 22112349749503132978831969 + O(53^15), -27609554458838924363595223 + O(53^15) ] does not seem to be rational.
 Solution [ -28525060008285757421201036 + O(53^15), -13542209894591400854595550 + O(53^15) ] does not seem to be rational.
 Solution [ 831643563159890567226710 + O(53^15), 9843666547380376783025385 + O(53^15) ] does not seem to be rational.
 Solution [ 15153965699322699088114527 + O(53^15), 602319850739462606416033 + O(53^15) ] does not seem to be rational.
 Solution [ -17579322997340691718372210 + O(53^15), 31700731122468397497749769 + O(53^15) ] does not seem to be rational.
 Solution [ 3345723921315736946299616 + O(53^15), -15906297044216849079438832 + O(53^15) ] does not seem to be rational.
 Solution [ -33632027294949422238169376 + O(53^15), -23408648694086709574910684 + O(53^15) ] does not seem to be rational.
 Solution [ 31586496873481713299939969 + O(53^15), -5160260770265559496281803 + O(53^15) ] does not seem to be rational.
 Solution [ 6213740524779159503098854 + O(53^15), -35644517524261545753227182 + O(53^15) ] does not seem to be rational.
 Solution [ 28026813070932009027858042 + O(53^15), -11716412155835368468307078 + O(53^15) ] does not seem to be rational.
 Recovered known rational point [ -5, -21 ]
 Solution [ 31586496873481713299939969 + O(53^15), 5160260770265559496281803 + O(53^15) ] does not seem to be rational.
 Solution [ 6213740524779159503098854 + O(53^15), 35644517524261545753227182 + O(53^15) ] does not seem to be rational.
 Solution [ 28026813070932009027858042 + O(53^15), 11716412155835368468307078 + O(53^15) ] does not seem to be rational.
 Recovered known rational point [ -5, 21 ]
 Solution [ -11401487228485954020130275 + O(53^15), -22801181778947686372129411 + O(53^15) ] does not seem to be rational.
 Solution [ 10959532246714527849051996 + O(53^15), -11386684253616934997221106 + O(53^15) ] does not seem to be rational.
 Solution [ -9563329972757834916924938 + O(53^15), -8176842478514810773106851 + O(53^15) ] does not seem to be rational.
 Solution [ 21722409152334872873650381 + O(53^15), -23613240241050022996605374 + O(53^15) ] does not seem to be rational.
 Solution [ 13681779602375678767545709 + O(53^15), 20504900008254722213159665 + O(53^15) ] does not seem to be rational.
 Solution [ 10634457215671251878216724 + O(53^15), -32473258126076090541458115 + O(53^15) ] does not seem to be rational.
 Solution [ -11401487228485954020130275 + O(53^15), 22801181778947686372129411 + O(53^15) ] does not seem to be rational.
 Solution [ 10959532246714527849051996 + O(53^15), 11386684253616934997221106 + O(53^15) ] does not seem to be rational.
 Solution [ -9563329972757834916924938 + O(53^15), 8176842478514810773106851 + O(53^15) ] does not seem to be rational.
 Solution [ 21722409152334872873650381 + O(53^15), 23613240241050022996605374 + O(53^15) ] does not seem to be rational.
 Solution [ 13681779602375678767545709 + O(53^15), -20504900008254722213159665 + O(53^15) ] does not seem to be rational.
 Solution [ 10634457215671251878216724 + O(53^15), 32473258126076090541458115 + O(53^15) ] does not seem to be rational.
 Solution [ 34982904007868089656093675 + O(53^15), -27456179283781359748206505 + O(53^15) ] does not seem to be rational.
 Solution [ 20118443211435634360759818 + O(53^15), 24903580790090834178069516 + O(53^15) ] does not seem to be rational.
 Solution [ -19248154411455333190378154 + O(53^15), 12016764922878104209958531 + O(53^15) ] does not seem to be rational.
 Solution [ -28991633613257067499171930 + O(53^15), -18957057583506712534162336 + O(53^15) ] does not seem to be rational.
 Solution [ 34982904007868089656093675 + O(53^15), 27456179283781359748206505 + O(53^15) ] does not seem to be rational.
 Solution [ 20118443211435634360759818 + O(53^15), -24903580790090834178069516 + O(53^15) ] does not seem to be rational.
 Solution [ -19248154411455333190378154 + O(53^15), -12016764922878104209958531 + O(53^15) ] does not seem to be rational.
 Solution [ -28991633613257067499171930 + O(53^15), 18957057583506712534162336 + O(53^15) ] does not seem to be rational.
 Solution [ 30056245261564068754729960 + O(53^15), -2815735972101477043439621 + O(53^15) ] does not seem to be rational.
 Solution [ -30431255718236431906470671 + O(53^15), 18467959855013778852123790 + O(53^15) ] does not seem to be rational.
 Solution [ 12587878037473187884479425 + O(53^15), 9088532632460050372355170 + O(53^15) ] does not seem to be rational.
 Solution [ 21601721927320037656214032 + O(53^15), -29116693478663010268087463 + O(53^15) ] does not seem to be rational.
 Solution [ -35192890483214715410117449 + O(53^15), -20137456252791781412990376 + O(53^15) ] does not seem to be rational.
 Solution [ 24771090286166219948108847 + O(53^15), 11855131562806281659149903 + O(53^15) ] does not seem to be rational.
 Solution [ 30056245261564068754729960 + O(53^15), 2815735972101477043439621 + O(53^15) ] does not seem to be rational.
 Solution [ -30431255718236431906470671 + O(53^15), -18467959855013778852123790 + O(53^15) ] does not seem to be rational.
 Solution [ 12587878037473187884479425 + O(53^15), -9088532632460050372355170 + O(53^15) ] does not seem to be rational.
 Solution [ 21601721927320037656214032 + O(53^15), 29116693478663010268087463 + O(53^15) ] does not seem to be rational.
 Solution [ -35192890483214715410117449 + O(53^15), 20137456252791781412990376 + O(53^15) ] does not seem to be rational.
 Solution [ 24771090286166219948108847 + O(53^15), -11855131562806281659149903 + O(53^15) ] does not seem to be rational.
 Solution [ 13718674382649184827044597 + O(53^15), -69420392231314736311361881 + O(53^16) ] does not seem to be rational.
 Solution [ 30131338296311945239911510 + O(53^15), -606092733113361027490140554 + O(53^16) ] does not seem to be rational.
 Solution [ 28385483653419867707336782 + O(53^15), -1633136992412412253316823096 + O(53^16) ] does not seem to be rational.
 Solution [ 23090079336734449819751994 + O(53^15), 66033458359936012261670116 + O(53^16) ] does not seem to be rational.
 Solution [ 2658093103969383776499631 + O(53^15), 27531948931822012165236178 + O(53^16) ] does not seem to be rational.
 Recovered known rational point [ -2, -3 ]
 Solution [ -35864520234270485572286973 + O(53^15), 1259933665445921844463118967 + O(53^16) ] does not seem to be rational.
 Solution [ -31180654526816905579941032 + O(53^15), 252942012002785419098555278 + O(53^16) ] does not seem to be rational.
 Solution [ -35462822563793434040411251 + O(53^15), 1302740803579614165796700432 + O(53^16) ] does not seem to be rational.
 Solution [ -13080075432300378975791333 + O(53^15), -164079371188522262393472658 + O(53^16) ] does not seem to be rational.
 Solution [ 13718674382649184827044597 + O(53^15), 69420392231314736311361881 + O(53^16) ] does not seem to be rational.
 Solution [ 30131338296311945239911510 + O(53^15), 606092733113361027490140554 + O(53^16) ] does not seem to be rational.
 Solution [ 28385483653419867707336782 + O(53^15), 1633136992412412253316823096 + O(53^16) ] does not seem to be rational.
 Solution [ 23090079336734449819751994 + O(53^15), -66033458359936012261670116 + O(53^16) ] does not seem to be rational.
 Solution [ 2658093103969383776499631 + O(53^15), -27531948931822012165236178 + O(53^16) ] does not seem to be rational.
 Recovered known rational point [ -2, 3 ]
 Solution [ -35864520234270485572286973 + O(53^15), -1259933665445921844463118967 + O(53^16) ] does not seem to be rational.
 Solution [ -31180654526816905579941032 + O(53^15), -252942012002785419098555278 + O(53^16) ] does not seem to be rational.
 Solution [ -35462822563793434040411251 + O(53^15), -1302740803579614165796700432 + O(53^16) ] does not seem to be rational.
 Solution [ -13080075432300378975791333 + O(53^15), 164079371188522262393472658 + O(53^16) ] does not seem to be rational.
 Solution [ -34601608313614533164798807 + O(53^15), 694995480310565908244796 + O(53^15) ] does not seem to be rational.
 Solution [ 29622144463091999187486661 + O(53^15), 16819510798485984561067144 + O(53^15) ] does not seem to be rational.
 Solution [ 5910024048219855080231730 + O(53^15), 2009461276615043271802474 + O(53^15) ] does not seem to be rational.
 Solution [ -29878591931406762409860205 + O(53^15), 4801079978313982765192034 + O(53^15) ] does not seem to be rational.
 Solution [ -29401254388258301699046533 + O(53^15), -26482694772028129048426589 + O(53^15) ] does not seem to be rational.
 Solution [ -23632141651237783349337926 + O(53^15), -24095563904883877915636247 + O(53^15) ] does not seem to be rational.
 Solution [ -34601608313614533164798807 + O(53^15), -694995480310565908244796 + O(53^15) ] does not seem to be rational.
 Solution [ 29622144463091999187486661 + O(53^15), -16819510798485984561067144 + O(53^15) ] does not seem to be rational.
 Solution [ 5910024048219855080231730 + O(53^15), -2009461276615043271802474 + O(53^15) ] does not seem to be rational.
 Solution [ -29878591931406762409860205 + O(53^15), -4801079978313982765192034 + O(53^15) ] does not seem to be rational.
 Solution [ -29401254388258301699046533 + O(53^15), 26482694772028129048426589 + O(53^15) ] does not seem to be rational.
 Solution [ -23632141651237783349337926 + O(53^15), 24095563904883877915636247 + O(53^15) ] does not seem to be rational.
 Solution [ -12845745467233117092396333 + O(53^15), 28212601835833169190464305 + O(53^15) ] does not seem to be rational.
 Solution [ 13513252054838149044638949 + O(53^15), 22928498192200308515150957 + O(53^15) ] does not seem to be rational.
 Solution [ -7713351154737759667118125 + O(53^15), 2311319011404227648033912 + O(53^15) ] does not seem to be rational.
 Solution [ 1637041610933125877183776 + O(53^15), 17330414279380129946630878 + O(53^15) ] does not seem to be rational.
 Solution [ -12845745467233117092396333 + O(53^15), -28212601835833169190464305 + O(53^15) ] does not seem to be rational.
 Solution [ 13513252054838149044638949 + O(53^15), -22928498192200308515150957 + O(53^15) ] does not seem to be rational.
 Solution [ -7713351154737759667118125 + O(53^15), -2311319011404227648033912 + O(53^15) ] does not seem to be rational.
 Solution [ 1637041610933125877183776 + O(53^15), -17330414279380129946630878 + O(53^15) ] does not seem to be rational.
 Solution [ 11066499787332281875752565 + O(53^15), -93934192204535105254379 + O(53^15) ] does not seem to be rational.
 Solution [ 28963128997934065063695779 + O(53^15), -32170908511902196409047446 + O(53^15) ] does not seem to be rational.
 Solution [ -15753977235107346920092111 + O(53^15), -19290317560818385652813253 + O(53^15) ] does not seem to be rational.
 Solution [ -1363605634399562858397298 + O(53^15), -22829439742900095644108735 + O(53^15) ] does not seem to be rational.
 Solution [ 11066499787332281875752565 + O(53^15), 93934192204535105254379 + O(53^15) ] does not seem to be rational.
 Solution [ 28963128997934065063695779 + O(53^15), 32170908511902196409047446 + O(53^15) ] does not seem to be rational.
 Solution [ -15753977235107346920092111 + O(53^15), 19290317560818385652813253 + O(53^15) ] does not seem to be rational.
 Solution [ -1363605634399562858397298 + O(53^15), 22829439742900095644108735 + O(53^15) ] does not seem to be rational.
 Solution [ 33591695696166973611057841 + O(53^15), -11432303955555937507184178 + O(53^15) ] does not seem to be rational.
 Solution [ 11986818732991588229676166 + O(53^15), 18561658917469266246658564 + O(53^15) ] does not seem to be rational.
 Solution [ -34438941623628524974021359 + O(53^15), 22010344368100922339962398 + O(53^15) ] does not seem to be rational.
 Solution [ -34920820537133359064443971 + O(53^15), 25882916621994772732341345 + O(53^15) ] does not seem to be rational.
 Solution [ 33591695696166973611057841 + O(53^15), 11432303955555937507184178 + O(53^15) ] does not seem to be rational.
 Solution [ 11986818732991588229676166 + O(53^15), -18561658917469266246658564 + O(53^15) ] does not seem to be rational.
 Solution [ -34438941623628524974021359 + O(53^15), -22010344368100922339962398 + O(53^15) ] does not seem to be rational.
 Solution [ -34920820537133359064443971 + O(53^15), -25882916621994772732341345 + O(53^15) ] does not seem to be rational.
 Solution [ 21714764323057768745668615 + O(53^15), -23854888617367329775115679 + O(53^15) ] does not seem to be rational.
 Solution [ 22796665344132673738700356 + O(53^15), -20773691327638269154581627 + O(53^15) ] does not seem to be rational.
 Solution [ 22455826288423654536632062 + O(53^15), -20906155478908529962347088 + O(53^15) ] does not seem to be rational.
 Solution [ -23606839865662302512663352 + O(53^15), -12712320033756227465724092 + O(53^15) ] does not seem to be rational.
 Solution [ -30718503660377870393924828 + O(53^15), 5401902612757040097688259 + O(53^15) ] does not seem to be rational.
 Solution [ 4998670714012848276101472 + O(53^15), -14550105108517669162270748 + O(53^15) ] does not seem to be rational.
 Solution [ 18389184890326440875661002 + O(53^15), 7606243918838705092245138 + O(53^15) ] does not seem to be rational.
 Solution [ -28474494548850429667511135 + O(53^15), -9280781794384861277350289 + O(53^15) ] does not seem to be rational.
 Solution [ 21714764323057768745668615 + O(53^15), 23854888617367329775115679 + O(53^15) ] does not seem to be rational.
 Solution [ 22796665344132673738700356 + O(53^15), 20773691327638269154581627 + O(53^15) ] does not seem to be rational.
 Solution [ 22455826288423654536632062 + O(53^15), 20906155478908529962347088 + O(53^15) ] does not seem to be rational.
 Solution [ -23606839865662302512663352 + O(53^15), 12712320033756227465724092 + O(53^15) ] does not seem to be rational.
 Solution [ -30718503660377870393924828 + O(53^15), -5401902612757040097688259 + O(53^15) ] does not seem to be rational.
 Solution [ 4998670714012848276101472 + O(53^15), 14550105108517669162270748 + O(53^15) ] does not seem to be rational.
 Solution [ 18389184890326440875661002 + O(53^15), -7606243918838705092245138 + O(53^15) ] does not seem to be rational.
 Solution [ -28474494548850429667511135 + O(53^15), 9280781794384861277350289 + O(53^15) ] does not seem to be rational.
 Solution [ 31466798623217756084774079 + O(53^15), 16222617318945778120573702 + O(53^15) ] does not seem to be rational.
 Solution [ 17276195683331476282973929 + O(53^15), -1743906244291908185412352 + O(53^15) ] does not seem to be rational.
 Solution [ 10042157099008900992489714 + O(53^15), 32316019740649316795972484 + O(53^15) ] does not seem to be rational.
 Solution [ 6919000770717616551850341 + O(53^15), -23697919581035750214798582 + O(53^15) ] does not seem to be rational.
 Solution [ -15819205263709419887991636 + O(53^15), 6527853570077680158966876 + O(53^15) ] does not seem to be rational.
 Solution [ 5396613977518225774426807 + O(53^15), 18871762207194539474896031 + O(53^15) ] does not seem to be rational.
 Solution [ 31466798623217756084774079 + O(53^15), -16222617318945778120573702 + O(53^15) ] does not seem to be rational.
 Solution [ 17276195683331476282973929 + O(53^15), 1743906244291908185412352 + O(53^15) ] does not seem to be rational.
 Solution [ 10042157099008900992489714 + O(53^15), -32316019740649316795972484 + O(53^15) ] does not seem to be rational.
 Solution [ 6919000770717616551850341 + O(53^15), 23697919581035750214798582 + O(53^15) ] does not seem to be rational.
 Solution [ -15819205263709419887991636 + O(53^15), -6527853570077680158966876 + O(53^15) ] does not seem to be rational.
 Solution [ 5396613977518225774426807 + O(53^15), -18871762207194539474896031 + O(53^15) ] does not seem to be rational.
 Solution [ -1353399529988394109533496 + O(53^15), -30224391154393131793217863 + O(53^15) ] does not seem to be rational.
 Solution [ -1221607388867706628347034 + O(53^15), -2909340547195437908593620 + O(53^15) ] does not seem to be rational.
 Solution [ -8158331393586921389580298 + O(53^15), -22000398309273819113902544 + O(53^15) ] does not seem to be rational.
 Solution [ -28405241690120513375336904 + O(53^15), 26378886646948507190687791 + O(53^15) ] does not seem to be rational.
 Solution [ 20278456847164148036213215 + O(53^15), -33271842839219684465088808 + O(53^15) ] does not seem to be rational.
 Solution [ 31754742463380177703892305 + O(53^15), -24023995654622661436109949 + O(53^15) ] does not seem to be rational.
 Solution [ -15430455046472937977847991 + O(53^15), 10379310999634497440689974 + O(53^15) ] does not seem to be rational.
 Solution [ -20609188002105861370386866 + O(53^15), -17845575051969753056986416 + O(53^15) ] does not seem to be rational.
 Solution [ -1353399529988394109533496 + O(53^15), 30224391154393131793217863 + O(53^15) ] does not seem to be rational.
 Solution [ -1221607388867706628347034 + O(53^15), 2909340547195437908593620 + O(53^15) ] does not seem to be rational.
 Solution [ -8158331393586921389580298 + O(53^15), 22000398309273819113902544 + O(53^15) ] does not seem to be rational.
 Solution [ -28405241690120513375336904 + O(53^15), -26378886646948507190687791 + O(53^15) ] does not seem to be rational.
 Solution [ 20278456847164148036213215 + O(53^15), 33271842839219684465088808 + O(53^15) ] does not seem to be rational.
 Solution [ 31754742463380177703892305 + O(53^15), 24023995654622661436109949 + O(53^15) ] does not seem to be rational.
 Solution [ -15430455046472937977847991 + O(53^15), -10379310999634497440689974 + O(53^15) ] does not seem to be rational.
 Solution [ -20609188002105861370386866 + O(53^15), 17845575051969753056986416 + O(53^15) ] does not seem to be rational.
 Solution [ 10485059578678832977234483 + O(53^15), 26499769930104853588530035 + O(53^15) ] does not seem to be rational.
 Recovered known rational point [ -3, -1 ]
 Solution [ -30352072707917218194922432 + O(53^15), 32899540218156915433120483 + O(53^15) ] does not seem to be rational.
 Solution [ 27222486851541530169874110 + O(53^15), -3279023489681339283598264 + O(53^15) ] does not seem to be rational.
 Solution [ -23778083748176302274028756 + O(53^15), -19406098881317241395646296 + O(53^15) ] does not seem to be rational.
 Solution [ 1804920276919100301778606 + O(53^15), 15781642728810284361428039 + O(53^15) ] does not seem to be rational.
 Solution [ 10485059578678832977234483 + O(53^15), -26499769930104853588530035 + O(53^15) ] does not seem to be rational.
 Recovered known rational point [ -3, 1 ]
 Solution [ -30352072707917218194922432 + O(53^15), -32899540218156915433120483 + O(53^15) ] does not seem to be rational.
 Solution [ 27222486851541530169874110 + O(53^15), 3279023489681339283598264 + O(53^15) ] does not seem to be rational.
 Solution [ -23778083748176302274028756 + O(53^15), 19406098881317241395646296 + O(53^15) ] does not seem to be rational.
 Solution [ 1804920276919100301778606 + O(53^15), -15781642728810284361428039 + O(53^15) ] does not seem to be rational.
 Solution [ 22844004424028608695406513 + O(53^15), -34493730751612420787213858 + O(53^15) ] does not seem to be rational.
 Solution [ 35099751108410972170057115 + O(53^15), -6009779388811435911070644 + O(53^15) ] does not seem to be rational.
 Solution [ 35874686288487938300172786 + O(53^15), -30325141333835359021042823 + O(53^15) ] does not seem to be rational.
 Solution [ -8862752309166394573046596 + O(53^15), -3433441658638095202227060 + O(53^15) ] does not seem to be rational.
 Solution [ 22844004424028608695406513 + O(53^15), 34493730751612420787213858 + O(53^15) ] does not seem to be rational.
 Solution [ 35099751108410972170057115 + O(53^15), 6009779388811435911070644 + O(53^15) ] does not seem to be rational.
 Solution [ 35874686288487938300172786 + O(53^15), 30325141333835359021042823 + O(53^15) ] does not seem to be rational.
 Solution [ -8862752309166394573046596 + O(53^15), 3433441658638095202227060 + O(53^15) ] does not seem to be rational.
 Solution [ -31006105105447700386327191 + O(53^15), -20640885216949123693953730 + O(53^15) ] does not seem to be rational.
 Solution [ -15050567592473155746969372 + O(53^15), 18697524611834939311681878 + O(53^15) ] does not seem to be rational.
 Solution [ 29479366080909458298669461 + O(53^15), -14880934281598139904688426 + O(53^15) ] does not seem to be rational.
 Solution [ 31480488916356736015499891 + O(53^15), 18111665117650534579921408 + O(53^15) ] does not seem to be rational.
 Solution [ -31006105105447700386327191 + O(53^15), 20640885216949123693953730 + O(53^15) ] does not seem to be rational.
 Solution [ -15050567592473155746969372 + O(53^15), -18697524611834939311681878 + O(53^15) ] does not seem to be rational.
 Solution [ 29479366080909458298669461 + O(53^15), 14880934281598139904688426 + O(53^15) ] does not seem to be rational.
 Solution [ 31480488916356736015499891 + O(53^15), -18111665117650534579921408 + O(53^15) ] does not seem to be rational.
 Solution [ 1441942378169508242435290 + O(53^15), -3644947755102719312420247 + O(53^15) ] does not seem to be rational.
 Solution [ -3998487062491781095419317 + O(53^15), -3345914814898112202921961 + O(53^15) ] does not seem to be rational.
 Solution [ -33717907341926713597156256 + O(53^15), 11257550549135039214404295 + O(53^15) ] does not seem to be rational.
 Solution [ -11041236897433374338463626 + O(53^15), -3084165657008307145653533 + O(53^15) ] does not seem to be rational.
 Solution [ 1441942378169508242435290 + O(53^15), 3644947755102719312420247 + O(53^15) ] does not seem to be rational.
 Solution [ -3998487062491781095419317 + O(53^15), 3345914814898112202921961 + O(53^15) ] does not seem to be rational.
 Solution [ -33717907341926713597156256 + O(53^15), -11257550549135039214404295 + O(53^15) ] does not seem to be rational.
 Solution [ -11041236897433374338463626 + O(53^15), 3084165657008307145653533 + O(53^15) ] does not seem to be rational.
 Solution [ -25905542966652253741520497 + O(53^15), 35811915728549369521557486 + O(53^15) ] does not seem to be rational.
 Solution [ 21881664291651306668957955 + O(53^15), -25010414046200519555949931 + O(53^15) ] does not seem to be rational.
 Solution [ 34786768306870586184633698 + O(53^15), 2095405358536589368156543 + O(53^15) ] does not seem to be rational.
 Recovered known rational point [ 1, -3 ]
 Solution [ -18162959776839614494336878 + O(53^15), -31357953134565702540786464 + O(53^15) ] does not seem to be rational.
 Solution [ 16533035230990238107655353 + O(53^15), 13374889150199811554095059 + O(53^15) ] does not seem to be rational.
 Solution [ 6149551674721442667374519 + O(53^15), 11881049459913118180785016 + O(53^15) ] does not seem to be rational.
 Solution [ 1351709537278545543147834 + O(53^15), -31278392944764288845766626 + O(53^15) ] does not seem to be rational.
 Solution [ -25905542966652253741520497 + O(53^15), -35811915728549369521557486 + O(53^15) ] does not seem to be rational.
 Solution [ 21881664291651306668957955 + O(53^15), 25010414046200519555949931 + O(53^15) ] does not seem to be rational.
 Solution [ 34786768306870586184633698 + O(53^15), -2095405358536589368156543 + O(53^15) ] does not seem to be rational.
 Recovered known rational point [ 1, 3 ]
 Solution [ -18162959776839614494336878 + O(53^15), 31357953134565702540786464 + O(53^15) ] does not seem to be rational.
 Solution [ 16533035230990238107655353 + O(53^15), -13374889150199811554095059 + O(53^15) ] does not seem to be rational.
 Solution [ 6149551674721442667374519 + O(53^15), -11881049459913118180785016 + O(53^15) ] does not seem to be rational.
 Solution [ 1351709537278545543147834 + O(53^15), 31278392944764288845766626 + O(53^15) ] does not seem to be rational.

Run the Mordell-Weil sieve to show there are no additional rational points in affine disks.
Use independent points [ (x^2 + x - 2, -15, 2), (x^2 + 2*x, 10*x + 5, 2) ]
[
[ 0, 0 ],
[ 4, 4 ],
[ 3, -1 ],
[ 1, 5 ],
[ 0, 2 ],
[ 4, 2 ],
[ 3, 3 ],
[ 1, 1 ],
[ 3, 2 ],
[ 1, 2 ]
]
generating cosets
Time: 0.000
number of cosets 330
  328 cosets eliminated at v = 97
        2 cosets remaining after v=97
        2 cosets remaining after v=151
        2 cosets remaining after v=157
        2 cosets remaining after v=271
        2 cosets remaining after v=281
        2 cosets remaining after v=421
        2 cosets remaining after v=487
        2 cosets remaining after v=971
        2 cosets remaining after v=1877
Time: 1.500
done with the Mordell-Weil sieve? false
For sieving used the prime(s) [ 97, 151, 157, 271, 281, 421, 487, 971, 1877 ]
still deal with [ 226, 230 ]
the points
[
[ -1363605634399562858397298 + O(53^15), 32127105063556761228432639 + O(53^15) ],
[ -1363605634399562858397298 + O(53^15), -32127105063556761228432639 + O(53^15) ]
]
also have dealt with bad points []
points at infinity are empty? {@ @}
  9746883 cosets eliminated at v = 53
        6246 cosets remaining after v=11
        6246 cosets remaining after v=13
        6246 cosets remaining after v=17
        6246 cosets remaining after v=19
  4858 cosets eliminated at v = 23
        1388 cosets remaining after v=23
        1388 cosets remaining after v=31
        1388 cosets remaining after v=47
        1388 cosets remaining after v=53
        1388 cosets remaining after v=61
        1388 cosets remaining after v=71
        1388 cosets remaining after v=73
        1388 cosets remaining after v=79
        1388 cosets remaining after v=83
        1388 cosets remaining after v=89
        1388 cosets remaining after v=107
        1388 cosets remaining after v=109
        1388 cosets remaining after v=137
        1388 cosets remaining after v=139
        1388 cosets remaining after v=167
        1388 cosets remaining after v=173
        1388 cosets remaining after v=181
        1388 cosets remaining after v=197
        1388 cosets remaining after v=199
        1388 cosets remaining after v=211
        1388 cosets remaining after v=233
        1388 cosets remaining after v=241
        1388 cosets remaining after v=251
        1388 cosets remaining after v=257
  544 cosets eliminated at v = 283
        844 cosets remaining after v=283
        844 cosets remaining after v=409
        844 cosets remaining after v=563
        844 cosets remaining after v=571
        844 cosets remaining after v=587
        844 cosets remaining after v=617
        844 cosets remaining after v=683
        844 cosets remaining after v=739
        844 cosets remaining after v=769
  744 cosets eliminated at v = 1259
        100 cosets remaining after v=1259
        100 cosets remaining after v=1291
        100 cosets remaining after v=2239
  94 cosets eliminated at v = 2447
        6 cosets remaining after v=2447
        6 cosets remaining after v=2617
        6 cosets remaining after v=4973
  6 cosets eliminated at v = 5419
        0 cosets remaining after v=5419
Time: 8.470
now done with Mordell-Weil sieve? true
